<?xml version="1.0" encoding="UTF-8"?>
<!-- Generated by org.testng.reporters.JUnitReportReporter -->
<testsuite hostname="Muddanna-Shivappa-Nayak" failures="0" tests="1" name="Scripts.LaunchBrowser" time="13.146" errors="0" timestamp="19 Aug 2023 15:16:44 GMT" skipped="0">
  <testcase classname="Scripts.LaunchBrowser" name="Sample" time="13.146"/>
</testsuite> <!-- Scripts.LaunchBrowser -->
